<?xml version="1.0" encoding="UTF-8"?>
<!-- Generated by org.testng.reporters.JUnitXMLReporter -->
<testsuite ignored="1" hostname="DHANYAAN-LR0D2FBW" failures="0" tests="1" name="Test" time="123.63" errors="0" timestamp="2022-09-21T10:55:00 IST">
  <testcase classname="com.appiumlearning.testcases.DragandDropTest" name="selectCheckboxPreferenecTest" time="101.809"/>
  <testcase classname="com.appiumlearning.testcases.DragandDropTest" name="tapTest" time="0.0">
    <ignored/>
  </testcase> <!-- tapTest -->
</testsuite> <!-- Test -->
